mode: set
syntx/pkg/syntx/character.go:9.46,13.2 1 1
syntx/pkg/syntx/character.go:15.48,21.2 4 1
syntx/pkg/syntx/grammar.go:12.27,16.2 1 1
syntx/pkg/syntx/grammar.go:18.42,19.29 1 1
syntx/pkg/syntx/grammar.go:19.29,21.3 1 1
syntx/pkg/syntx/grammar.go:24.38,25.46 1 1
syntx/pkg/syntx/grammar.go:36.2,36.39 1 1
syntx/pkg/syntx/grammar.go:25.46,34.3 3 1
syntx/pkg/syntx/grammar.go:39.41,47.50 6 1
syntx/pkg/syntx/grammar.go:100.2,100.11 1 1
syntx/pkg/syntx/grammar.go:47.50,49.44 2 1
syntx/pkg/syntx/grammar.go:94.3,97.4 1 1
syntx/pkg/syntx/grammar.go:50.22,56.95 2 1
syntx/pkg/syntx/grammar.go:60.4,60.18 1 1
syntx/pkg/syntx/grammar.go:62.22,63.10 1 1
syntx/pkg/syntx/grammar.go:69.19,70.46 1 1
syntx/pkg/syntx/grammar.go:76.4,78.48 3 1
syntx/pkg/syntx/grammar.go:81.4,81.48 1 1
syntx/pkg/syntx/grammar.go:83.17,91.39 4 1
syntx/pkg/syntx/grammar.go:56.95,58.5 1 1
syntx/pkg/syntx/grammar.go:63.10,65.5 1 1
syntx/pkg/syntx/grammar.go:65.10,67.5 1 0
syntx/pkg/syntx/grammar.go:70.46,72.5 1 1
syntx/pkg/syntx/grammar.go:72.10,74.5 1 1
syntx/pkg/syntx/grammar.go:78.48,80.5 1 1
syntx/pkg/syntx/rule.go:16.22,20.2 1 1
syntx/pkg/syntx/rule.go:22.30,29.2 4 1
syntx/pkg/syntx/rule.go:31.38,34.2 2 1
syntx/pkg/syntx/rule.go:36.43,37.14 1 1
syntx/pkg/syntx/rule.go:41.2,49.12 6 1
syntx/pkg/syntx/rule.go:37.14,39.3 1 0
syntx/pkg/syntx/concatenation.go:10.73,15.2 1 1
syntx/pkg/syntx/concatenation.go:17.52,28.2 9 1
syntx/pkg/syntx/context.go:22.27,28.2 1 1
syntx/pkg/syntx/context.go:30.36,37.30 4 1
syntx/pkg/syntx/context.go:48.2,50.19 2 1
syntx/pkg/syntx/context.go:37.30,40.63 2 1
syntx/pkg/syntx/context.go:45.3,45.24 1 1
syntx/pkg/syntx/context.go:40.63,43.4 2 1
syntx/pkg/syntx/deref.go:13.33,15.2 1 1
syntx/pkg/syntx/deref.go:17.44,32.2 6 1
syntx/pkg/syntx/stack.go:7.34,9.2 1 1
syntx/pkg/syntx/stack.go:11.30,13.2 1 1
syntx/pkg/syntx/stack.go:15.36,20.12 3 1
syntx/pkg/syntx/stack.go:24.2,26.21 3 1
syntx/pkg/syntx/stack.go:20.12,22.3 1 1
syntx/pkg/syntx/stack.go:29.36,34.12 3 0
syntx/pkg/syntx/stack.go:38.2,38.26 1 0
syntx/pkg/syntx/stack.go:34.12,36.3 1 0
syntx/pkg/syntx/stack.go:41.33,43.2 1 0
